<?xml version="1.0" encoding="UTF-8"?>
<!-- Generated by org.testng.reporters.JUnitXMLReporter -->
<testsuite hostname="CSCINDAE684841" ignored="2" name="Test4" tests="2" failures="0" timestamp="24 Jul 2017 07:05:45 GMT" time="21.167" errors="0">
  <testcase name="google_signup" time="14.546" classname="tests.TC1_Google_SignUp"/>
  <testcase name="FB" time="5.638" classname="tests.TC1_GR_FB_Account"/>
  <testcase name="@AfterSuite closeDriverObjects" time="0.0" classname="projectFactory.DriverFactory">
    <ignored/>
  </testcase> <!-- @AfterSuite closeDriverObjects -->
  <testcase name="@BeforeSuite instantiateDriverObject" time="0.0" classname="projectFactory.DriverFactory">
    <ignored/>
  </testcase> <!-- @BeforeSuite instantiateDriverObject -->
</testsuite> <!-- Test4 -->
