<?xml version="1.0" encoding="UTF-8"?>
<testng-results skipped="0" failed="0" ignored="0" total="2" passed="2">
  <reporter-output>
  </reporter-output>
  <suite name="Suite" duration-ms="29482" started-at="2017-07-25T11:17:24Z" finished-at="2017-07-25T11:17:53Z">
    <groups>
    </groups>
    <test name="Test5" duration-ms="23198" started-at="2017-07-25T11:17:24Z" finished-at="2017-07-25T11:17:47Z">
      <class name="tests.TC1_Google_SignUp">
        <test-method status="PASS" signature="remotewebdriver(java.lang.String, java.lang.String)[pri:0, instance:tests.TC1_Google_SignUp@47db50c5]" name="remotewebdriver" is-config="true" duration-ms="3" started-at="2017-07-25T16:47:24Z" finished-at="2017-07-25T16:47:24Z">
          <params>
            <param index="0">
              <value>
                <![CDATA[CHROME]]>
              </value>
            </param>
            <param index="1">
              <value>
                <![CDATA[]]>
              </value>
            </param>
          </params>
          <reporter-output>
          </reporter-output>
        </test-method> <!-- remotewebdriver -->
        <test-method status="PASS" signature="startTestCase()[pri:0, instance:tests.TC1_Google_SignUp@47db50c5]" name="startTestCase" is-config="true" duration-ms="6" started-at="2017-07-25T16:47:24Z" finished-at="2017-07-25T16:47:24Z">
          <reporter-output>
          </reporter-output>
        </test-method> <!-- startTestCase -->
        <test-method status="PASS" signature="google_signup(java.lang.String, java.lang.String, java.lang.String, java.lang.String, java.lang.String, java.lang.String, java.lang.String, java.lang.String, java.lang.String, java.lang.String, java.lang.String, java.lang.String)[pri:0, instance:tests.TC1_Google_SignUp@47db50c5]" name="google_signup" duration-ms="22127" started-at="2017-07-25T16:47:24Z" data-provider="getData" finished-at="2017-07-25T16:47:47Z">
          <params>
            <param index="0">
              <value>
                <![CDATA[Selenium]]>
              </value>
            </param>
            <param index="1">
              <value>
                <![CDATA[Training]]>
              </value>
            </param>
            <param index="2">
              <value>
                <![CDATA[selenium.training1811]]>
              </value>
            </param>
            <param index="3">
              <value>
                <![CDATA[123@Pass]]>
              </value>
            </param>
            <param index="4">
              <value>
                <![CDATA[123@Pass]]>
              </value>
            </param>
            <param index="5">
              <value>
                <![CDATA[May]]>
              </value>
            </param>
            <param index="6">
              <value>
                <![CDATA[2]]>
              </value>
            </param>
            <param index="7">
              <value>
                <![CDATA[2000]]>
              </value>
            </param>
            <param index="8">
              <value>
                <![CDATA[Male]]>
              </value>
            </param>
            <param index="9">
              <value>
                <![CDATA[9876543212]]>
              </value>
            </param>
            <param index="10">
              <value>
                <![CDATA[****@gmail.com]]>
              </value>
            </param>
            <param index="11">
              <value>
                <![CDATA[India]]>
              </value>
            </param>
          </params>
          <reporter-output>
          </reporter-output>
        </test-method> <!-- google_signup -->
        <test-method status="PASS" signature="clearCookies()[pri:0, instance:tests.TC1_Google_SignUp@47db50c5]" name="clearCookies" is-config="true" duration-ms="212" started-at="2017-07-25T16:47:47Z" finished-at="2017-07-25T16:47:47Z">
          <reporter-output>
          </reporter-output>
        </test-method> <!-- clearCookies -->
      </class> <!-- tests.TC1_Google_SignUp -->
    </test> <!-- Test5 -->
    <test name="Test6" duration-ms="5853" started-at="2017-07-25T11:17:47Z" finished-at="2017-07-25T11:17:53Z">
      <class name="tests.TC1_GR_FB_Account">
        <test-method status="PASS" signature="instantiateDriverObject()[pri:0, instance:tests.TC1_GR_FB_Account@5d11346a]" name="instantiateDriverObject" is-config="true" duration-ms="9" started-at="2017-07-25T16:47:24Z" finished-at="2017-07-25T16:47:24Z">
          <reporter-output>
          </reporter-output>
        </test-method> <!-- instantiateDriverObject -->
        <test-method status="PASS" signature="remotewebdriver(java.lang.String, java.lang.String)[pri:0, instance:tests.TC1_GR_FB_Account@5d11346a]" name="remotewebdriver" is-config="true" duration-ms="1" started-at="2017-07-25T16:47:47Z" finished-at="2017-07-25T16:47:47Z">
          <params>
            <param index="0">
              <value>
                <![CDATA[FIREFOX]]>
              </value>
            </param>
            <param index="1">
              <value>
                <![CDATA[]]>
              </value>
            </param>
          </params>
          <reporter-output>
          </reporter-output>
        </test-method> <!-- remotewebdriver -->
        <test-method status="PASS" signature="startTestCase()[pri:0, instance:tests.TC1_GR_FB_Account@5d11346a]" name="startTestCase" is-config="true" duration-ms="0" started-at="2017-07-25T16:47:47Z" finished-at="2017-07-25T16:47:47Z">
          <reporter-output>
          </reporter-output>
        </test-method> <!-- startTestCase -->
        <test-method status="PASS" signature="FB(java.lang.String, java.lang.String, java.lang.String, java.lang.String, java.lang.String, java.lang.String, java.lang.String, java.lang.String)[pri:0, instance:tests.TC1_GR_FB_Account@5d11346a]" name="FB" duration-ms="5657" started-at="2017-07-25T16:47:47Z" data-provider="getData" finished-at="2017-07-25T16:47:53Z">
          <params>
            <param index="0">
              <value>
                <![CDATA[aabb]]>
              </value>
            </param>
            <param index="1">
              <value>
                <![CDATA[as]]>
              </value>
            </param>
            <param index="2">
              <value>
                <![CDATA[a.b@gmail.com]]>
              </value>
            </param>
            <param index="3">
              <value>
                <![CDATA[a123]]>
              </value>
            </param>
            <param index="4">
              <value>
                <![CDATA[10']]>
              </value>
            </param>
            <param index="5">
              <value>
                <![CDATA[Jul]]>
              </value>
            </param>
            <param index="6">
              <value>
                <![CDATA[2010']]>
              </value>
            </param>
            <param index="7">
              <value>
                <![CDATA[Male]]>
              </value>
            </param>
          </params>
          <reporter-output>
          </reporter-output>
        </test-method> <!-- FB -->
        <test-method status="PASS" signature="clearCookies()[pri:0, instance:tests.TC1_GR_FB_Account@5d11346a]" name="clearCookies" is-config="true" duration-ms="12" started-at="2017-07-25T16:47:53Z" finished-at="2017-07-25T16:47:53Z">
          <reporter-output>
          </reporter-output>
        </test-method> <!-- clearCookies -->
        <test-method status="PASS" signature="closeDriverObjects()[pri:0, instance:tests.TC1_GR_FB_Account@5d11346a]" name="closeDriverObjects" is-config="true" duration-ms="2595" started-at="2017-07-25T16:47:53Z" finished-at="2017-07-25T16:47:56Z">
          <reporter-output>
          </reporter-output>
        </test-method> <!-- closeDriverObjects -->
      </class> <!-- tests.TC1_GR_FB_Account -->
    </test> <!-- Test6 -->
  </suite> <!-- Suite -->
</testng-results>
